<?xml version="1.0" encoding="UTF-8"?>
<testng-results ignored="0" total="1" passed="1" failed="0" skipped="0">
  <reporter-output>
  </reporter-output>
  <suite started-at="2024-05-09T16:46:07 IST" name="Default suite" finished-at="2024-05-09T16:46:07 IST" duration-ms="41">
    <groups>
    </groups>
    <test started-at="2024-05-09T16:46:07 IST" name="Default test" finished-at="2024-05-09T16:46:07 IST" duration-ms="41">
      <class name="register.TC_DWS_002_Test">
        <test-method signature="demo()[pri:0, instance:register.TC_DWS_002_Test@229c6181]" started-at="2024-05-09T16:46:07 IST" name="demo" finished-at="2024-05-09T16:46:07 IST" duration-ms="8" status="PASS">
          <reporter-output>
          </reporter-output>
        </test-method> <!-- demo -->
      </class> <!-- register.TC_DWS_002_Test -->
    </test> <!-- Default test -->
  </suite> <!-- Default suite -->
</testng-results>
